<?xml version="1.0" encoding="UTF-8"?>
<testng-results skipped="0" failed="1" total="1" passed="0">
  <reporter-output>
  </reporter-output>
  <suite name="Default suite" duration-ms="121109" started-at="2016-02-29T11:41:48Z" finished-at="2016-02-29T11:43:49Z">
    <groups>
    </groups>
    <test name="Default test" duration-ms="121109" started-at="2016-02-29T11:41:48Z" finished-at="2016-02-29T11:43:49Z">
      <class name="automationFramework.TestExample">
        <test-method status="PASS" signature="beforemethod()[pri:0, instance:automationFramework.TestExample@4a435274]" name="beforemethod" is-config="true" duration-ms="6474" started-at="2016-02-29T17:11:48Z" finished-at="2016-02-29T17:11:54Z">
          <reporter-output>
          </reporter-output>
        </test-method> <!-- beforemethod -->
        <test-method status="FAIL" signature="test()[pri:0, instance:automationFramework.TestExample@4a435274]" name="test" duration-ms="114532" started-at="2016-02-29T17:11:54Z" finished-at="2016-02-29T17:13:49Z">
          <exception class="java.text.ParseException">
            <message>
              <![CDATA[Unparseable date: ""]]>
            </message>
            <full-stacktrace>
              <![CDATA[java.text.ParseException: Unparseable date: ""
	at java.text.DateFormat.parse(Unknown Source)
	at appModules.SearchAndCompareUser.SearchAndCompareValue(SearchAndCompareUser.java:253)
	at appModules.SignIn_Action.Execute(SignIn_Action.java:43)
	at automationFramework.TestExample.test(TestExample.java:35)
	at sun.reflect.NativeMethodAccessorImpl.invoke0(Native Method)
	at sun.reflect.NativeMethodAccessorImpl.invoke(Unknown Source)
	at sun.reflect.DelegatingMethodAccessorImpl.invoke(Unknown Source)
	at java.lang.reflect.Method.invoke(Unknown Source)
	at org.testng.internal.MethodInvocationHelper.invokeMethod(MethodInvocationHelper.java:80)
	at org.testng.internal.Invoker.invokeMethod(Invoker.java:714)
	at org.testng.internal.Invoker.invokeTestMethod(Invoker.java:901)
	at org.testng.internal.Invoker.invokeTestMethods(Invoker.java:1231)
	at org.testng.internal.TestMethodWorker.invokeTestMethods(TestMethodWorker.java:127)
	at org.testng.internal.TestMethodWorker.run(TestMethodWorker.java:111)
	at org.testng.TestRunner.privateRun(TestRunner.java:767)
	at org.testng.TestRunner.run(TestRunner.java:617)
	at org.testng.SuiteRunner.runTest(SuiteRunner.java:334)
	at org.testng.SuiteRunner.runSequentially(SuiteRunner.java:329)
	at org.testng.SuiteRunner.privateRun(SuiteRunner.java:291)
	at org.testng.SuiteRunner.run(SuiteRunner.java:240)
	at org.testng.SuiteRunnerWorker.runSuite(SuiteRunnerWorker.java:52)
	at org.testng.SuiteRunnerWorker.run(SuiteRunnerWorker.java:86)
	at org.testng.TestNG.runSuitesSequentially(TestNG.java:1198)
	at org.testng.TestNG.runSuitesLocally(TestNG.java:1123)
	at org.testng.TestNG.run(TestNG.java:1031)
	at org.testng.remote.RemoteTestNG.run(RemoteTestNG.java:115)
	at org.testng.remote.RemoteTestNG.initAndRun(RemoteTestNG.java:207)
	at org.testng.remote.RemoteTestNG.main(RemoteTestNG.java:178)
]]>
            </full-stacktrace>
          </exception> <!-- java.text.ParseException -->
          <reporter-output>
          </reporter-output>
        </test-method> <!-- test -->
        <test-method status="PASS" signature="afterMethod()[pri:0, instance:automationFramework.TestExample@4a435274]" name="afterMethod" is-config="true" duration-ms="79" started-at="2016-02-29T17:13:49Z" finished-at="2016-02-29T17:13:49Z">
          <reporter-output>
          </reporter-output>
        </test-method> <!-- afterMethod -->
      </class> <!-- automationFramework.TestExample -->
    </test> <!-- Default test -->
  </suite> <!-- Default suite -->
</testng-results>
